{"uuid":"500f69b0-ba06-4fc2-a5e7-76410f6c7d87","historyId":"a41dab90f310280c016669600bdfe21e","testCaseId":"[engine:junit-jupiter]/[class:com.rhinoint.rhinointerview.MainPageTest]/[method:shouldRegisterWithValidCredentials()]","testCaseName":"shouldRegisterWithValidCredentials()","fullName":"com.rhinoint.rhinointerview.MainPageTest.shouldRegisterWithValidCredentials","labels":[{"name":"junit.platform.uniqueid","value":"[engine:junit-jupiter]/[class:com.rhinoint.rhinointerview.MainPageTest]/[method:shouldRegisterWithValidCredentials()]"},{"name":"host","value":"DESKTOP-9MH2A0D"},{"name":"thread","value":"39820@DESKTOP-9MH2A0D.main(1)"},{"name":"framework","value":"junit-platform"},{"name":"language","value":"java"},{"name":"package","value":"com.rhinoint.rhinointerview.MainPageTest"},{"name":"testClass","value":"com.rhinoint.rhinointerview.MainPageTest"},{"name":"testMethod","value":"shouldRegisterWithValidCredentials"},{"name":"suite","value":"com.rhinoint.rhinointerview.MainPageTest"}],"links":[],"name":"shouldRegisterWithValidCredentials()","status":"failed","statusDetails":{"known":false,"muted":false,"flaky":false,"message":"Element not found {By.xpath: //body//div[contains(@class, 'dashboardContainer')]}\r\nExpected: visible\r\nScreenshot: file:/C:/Users/Darko%20Rashajkovski/IdeaProjects/rhino-interview/build/reports/tests/1689613728034.0.png\r\nPage source: file:/C:/Users/Darko%20Rashajkovski/IdeaProjects/rhino-interview/build/reports/tests/1689613728034.0.html\r\nTimeout: 4 s.\r\nCaused by: NoSuchElementException: no such element: Unable to locate element: {\"method\":\"xpath\",\"selector\":\"//body//div[contains(@class, 'dashboardContainer')]\"}","trace":"Element not found {By.xpath: //body//div[contains(@class, 'dashboardContainer')]}\r\nExpected: visible\r\nScreenshot: file:/C:/Users/Darko%20Rashajkovski/IdeaProjects/rhino-interview/build/reports/tests/1689613728034.0.png\r\nPage source: file:/C:/Users/Darko%20Rashajkovski/IdeaProjects/rhino-interview/build/reports/tests/1689613728034.0.html\r\nTimeout: 4 s.\r\nCaused by: NoSuchElementException: no such element: Unable to locate element: {\"method\":\"xpath\",\"selector\":\"//body//div[contains(@class, 'dashboardContainer')]\"}\r\n\tat com.codeborne.selenide.impl.WebElementSource.createElementNotFoundError(WebElementSource.java:88)\r\n\tat com.codeborne.selenide.impl.ElementFinder.createElementNotFoundError(ElementFinder.java:142)\r\n\tat com.codeborne.selenide.impl.WebElementSource.handleError(WebElementSource.java:140)\r\n\tat com.codeborne.selenide.impl.WebElementSource.checkConditionAndReturnElement(WebElementSource.java:124)\r\n\tat com.codeborne.selenide.impl.WebElementSource.checkCondition(WebElementSource.java:101)\r\n\tat com.codeborne.selenide.commands.Should.execute(Should.java:30)\r\n\tat com.codeborne.selenide.commands.Should.execute(Should.java:14)\r\n\tat com.codeborne.selenide.commands.Commands.execute(Commands.java:160)\r\n\tat com.codeborne.selenide.impl.SelenideElementProxy.dispatchAndRetry(SelenideElementProxy.java:132)\r\n\tat com.codeborne.selenide.impl.SelenideElementProxy.invoke(SelenideElementProxy.java:84)\r\n\tat jdk.proxy2/jdk.proxy2.$Proxy10.shouldBe(Unknown Source)\r\n\tat com.rhinoint.rhinointerview.MainPageTest.shouldRegisterWithValidCredentials(MainPageTest.java:87)\r\n\tat java.base/jdk.internal.reflect.NativeMethodAccessorImpl.invoke0(Native Method)\r\n\tat java.base/jdk.internal.reflect.NativeMethodAccessorImpl.invoke(NativeMethodAccessorImpl.java:77)\r\n\tat java.base/jdk.internal.reflect.DelegatingMethodAccessorImpl.invoke(DelegatingMethodAccessorImpl.java:43)\r\n\tat java.base/java.lang.reflect.Method.invoke(Method.java:568)\r\n\tat org.junit.platform.commons.util.ReflectionUtils.invokeMethod(ReflectionUtils.java:727)\r\n\tat org.junit.jupiter.engine.execution.MethodInvocation.proceed(MethodInvocation.java:60)\r\n\tat org.junit.jupiter.engine.execution.InvocationInterceptorChain$ValidatingInvocation.proceed(InvocationInterceptorChain.java:131)\r\n\tat org.junit.jupiter.engine.extension.TimeoutExtension.intercept(TimeoutExtension.java:156)\r\n\tat org.junit.jupiter.engine.extension.TimeoutExtension.interceptTestableMethod(TimeoutExtension.java:147)\r\n\tat org.junit.jupiter.engine.extension.TimeoutExtension.interceptTestMethod(TimeoutExtension.java:86)\r\n\tat org.junit.jupiter.engine.execution.InterceptingExecutableInvoker$ReflectiveInterceptorCall.lambda$ofVoidMethod$0(InterceptingExecutableInvoker.java:103)\r\n\tat org.junit.jupiter.engine.execution.InterceptingExecutableInvoker.lambda$invoke$0(InterceptingExecutableInvoker.java:93)\r\n\tat org.junit.jupiter.engine.execution.InvocationInterceptorChain$InterceptedInvocation.proceed(InvocationInterceptorChain.java:106)\r\n\tat org.junit.jupiter.engine.execution.InvocationInterceptorChain.proceed(InvocationInterceptorChain.java:64)\r\n\tat org.junit.jupiter.engine.execution.InvocationInterceptorChain.chainAndInvoke(InvocationInterceptorChain.java:45)\r\n\tat org.junit.jupiter.engine.execution.InvocationInterceptorChain.invoke(InvocationInterceptorChain.java:37)\r\n\tat org.junit.jupiter.engine.execution.InterceptingExecutableInvoker.invoke(InterceptingExecutableInvoker.java:92)\r\n\tat org.junit.jupiter.engine.execution.InterceptingExecutableInvoker.invoke(InterceptingExecutableInvoker.java:86)\r\n\tat org.junit.jupiter.engine.descriptor.TestMethodTestDescriptor.lambda$invokeTestMethod$7(TestMethodTestDescriptor.java:217)\r\n\tat org.junit.platform.engine.support.hierarchical.ThrowableCollector.execute(ThrowableCollector.java:73)\r\n\tat org.junit.jupiter.engine.descriptor.TestMethodTestDescriptor.invokeTestMethod(TestMethodTestDescriptor.java:213)\r\n\tat org.junit.jupiter.engine.descriptor.TestMethodTestDescriptor.execute(TestMethodTestDescriptor.java:138)\r\n\tat org.junit.jupiter.engine.descriptor.TestMethodTestDescriptor.execute(TestMethodTestDescriptor.java:68)\r\n\tat org.junit.platform.engine.support.hierarchical.NodeTestTask.lambda$executeRecursively$6(NodeTestTask.java:151)\r\n\tat org.junit.platform.engine.support.hierarchical.ThrowableCollector.execute(ThrowableCollector.java:73)\r\n\tat org.junit.platform.engine.support.hierarchical.NodeTestTask.lambda$executeRecursively$8(NodeTestTask.java:141)\r\n\tat org.junit.platform.engine.support.hierarchical.Node.around(Node.java:137)\r\n\tat org.junit.platform.engine.support.hierarchical.NodeTestTask.lambda$executeRecursively$9(NodeTestTask.java:139)\r\n\tat org.junit.platform.engine.support.hierarchical.ThrowableCollector.execute(ThrowableCollector.java:73)\r\n\tat org.junit.platform.engine.support.hierarchical.NodeTestTask.executeRecursively(NodeTestTask.java:138)\r\n\tat org.junit.platform.engine.support.hierarchical.NodeTestTask.execute(NodeTestTask.java:95)\r\n\tat java.base/java.util.ArrayList.forEach(ArrayList.java:1511)\r\n\tat org.junit.platform.engine.support.hierarchical.SameThreadHierarchicalTestExecutorService.invokeAll(SameThreadHierarchicalTestExecutorService.java:41)\r\n\tat org.junit.platform.engine.support.hierarchical.NodeTestTask.lambda$executeRecursively$6(NodeTestTask.java:155)\r\n\tat org.junit.platform.engine.support.hierarchical.ThrowableCollector.execute(ThrowableCollector.java:73)\r\n\tat org.junit.platform.engine.support.hierarchical.NodeTestTask.lambda$executeRecursively$8(NodeTestTask.java:141)\r\n\tat org.junit.platform.engine.support.hierarchical.Node.around(Node.java:137)\r\n\tat org.junit.platform.engine.support.hierarchical.NodeTestTask.lambda$executeRecursively$9(NodeTestTask.java:139)\r\n\tat org.junit.platform.engine.support.hierarchical.ThrowableCollector.execute(ThrowableCollector.java:73)\r\n\tat org.junit.platform.engine.support.hierarchical.NodeTestTask.executeRecursively(NodeTestTask.java:138)\r\n\tat org.junit.platform.engine.support.hierarchical.NodeTestTask.execute(NodeTestTask.java:95)\r\n\tat java.base/java.util.ArrayList.forEach(ArrayList.java:1511)\r\n\tat org.junit.platform.engine.support.hierarchical.SameThreadHierarchicalTestExecutorService.invokeAll(SameThreadHierarchicalTestExecutorService.java:41)\r\n\tat org.junit.platform.engine.support.hierarchical.NodeTestTask.lambda$executeRecursively$6(NodeTestTask.java:155)\r\n\tat org.junit.platform.engine.support.hierarchical.ThrowableCollector.execute(ThrowableCollector.java:73)\r\n\tat org.junit.platform.engine.support.hierarchical.NodeTestTask.lambda$executeRecursively$8(NodeTestTask.java:141)\r\n\tat org.junit.platform.engine.support.hierarchical.Node.around(Node.java:137)\r\n\tat org.junit.platform.engine.support.hierarchical.NodeTestTask.lambda$executeRecursively$9(NodeTestTask.java:139)\r\n\tat org.junit.platform.engine.support.hierarchical.ThrowableCollector.execute(ThrowableCollector.java:73)\r\n\tat org.junit.platform.engine.support.hierarchical.NodeTestTask.executeRecursively(NodeTestTask.java:138)\r\n\tat org.junit.platform.engine.support.hierarchical.NodeTestTask.execute(NodeTestTask.java:95)\r\n\tat org.junit.platform.engine.support.hierarchical.SameThreadHierarchicalTestExecutorService.submit(SameThreadHierarchicalTestExecutorService.java:35)\r\n\tat org.junit.platform.engine.support.hierarchical.HierarchicalTestExecutor.execute(HierarchicalTestExecutor.java:57)\r\n\tat org.junit.platform.engine.support.hierarchical.HierarchicalTestEngine.execute(HierarchicalTestEngine.java:54)\r\n\tat org.junit.platform.launcher.core.EngineExecutionOrchestrator.execute(EngineExecutionOrchestrator.java:147)\r\n\tat org.junit.platform.launcher.core.EngineExecutionOrchestrator.execute(EngineExecutionOrchestrator.java:127)\r\n\tat org.junit.platform.launcher.core.EngineExecutionOrchestrator.execute(EngineExecutionOrchestrator.java:90)\r\n\tat org.junit.platform.launcher.core.EngineExecutionOrchestrator.lambda$execute$0(EngineExecutionOrchestrator.java:55)\r\n\tat org.junit.platform.launcher.core.EngineExecutionOrchestrator.withInterceptedStreams(EngineExecutionOrchestrator.java:102)\r\n\tat org.junit.platform.launcher.core.EngineExecutionOrchestrator.execute(EngineExecutionOrchestrator.java:54)\r\n\tat org.junit.platform.launcher.core.DefaultLauncher.execute(DefaultLauncher.java:114)\r\n\tat org.junit.platform.launcher.core.DefaultLauncher.execute(DefaultLauncher.java:86)\r\n\tat org.junit.platform.launcher.core.DefaultLauncherSession$DelegatingLauncher.execute(DefaultLauncherSession.java:86)\r\n\tat org.junit.platform.launcher.core.SessionPerRequestLauncher.execute(SessionPerRequestLauncher.java:53)\r\n\tat com.intellij.junit5.JUnit5IdeaTestRunner.startRunnerWithArgs(JUnit5IdeaTestRunner.java:57)\r\n\tat com.intellij.rt.junit.IdeaTestRunner$Repeater$1.execute(IdeaTestRunner.java:38)\r\n\tat com.intellij.rt.execution.junit.TestsRepeater.repeat(TestsRepeater.java:11)\r\n\tat com.intellij.rt.junit.IdeaTestRunner$Repeater.startRunnerWithArgs(IdeaTestRunner.java:35)\r\n\tat com.intellij.rt.junit.JUnitStarter.prepareStreamsAndStart(JUnitStarter.java:232)\r\n\tat com.intellij.rt.junit.JUnitStarter.main(JUnitStarter.java:55)\r\nCaused by: org.openqa.selenium.NoSuchElementException: no such element: Unable to locate element: {\"method\":\"xpath\",\"selector\":\"//body//div[contains(@class, 'dashboardContainer')]\"}\n  (Session info: chrome=114.0.5735.199)\nFor documentation on this error, please visit: https://selenium.dev/exceptions/#no_such_element\nBuild info: version: '4.9.0', revision: 'd7057100a6'\nSystem info: os.name: 'Windows 11', os.arch: 'amd64', os.version: '10.0', java.version: '17.0.7'\nDriver info: org.openqa.selenium.chrome.ChromeDriver\nCommand: [42b391a04cc1537e7eb50422fa097fc9, findElement {using=xpath, value=//body//div[contains(@class, 'dashboardContainer')]}]\nCapabilities {acceptInsecureCerts: true, browserName: chrome, browserVersion: 114.0.5735.199, chrome: {chromedriverVersion: 114.0.5735.90 (386bc09e8f4f..., userDataDir: C:\\Users\\DARKOR~1\\AppData\\L...}, goog:chromeOptions: {debuggerAddress: localhost:53905}, networkConnectionEnabled: false, pageLoadStrategy: normal, platformName: WINDOWS, proxy: Proxy(), se:cdp: ws://localhost:53905/devtoo..., se:cdpVersion: 114.0.5735.199, setWindowRect: true, strictFileInteractability: false, timeouts: {implicit: 0, pageLoad: 300000, script: 30000}, unhandledPromptBehavior: accept, webauthn:extension:credBlob: true, webauthn:extension:largeBlob: true, webauthn:extension:minPinLength: true, webauthn:extension:prf: true, webauthn:virtualAuthenticators: true}\nSession ID: 42b391a04cc1537e7eb50422fa097fc9\r\n\tat jdk.internal.reflect.GeneratedConstructorAccessor13.newInstance(Unknown Source)\r\n\tat java.base/jdk.internal.reflect.DelegatingConstructorAccessorImpl.newInstance(DelegatingConstructorAccessorImpl.java:45)\r\n\tat java.base/java.lang.reflect.Constructor.newInstanceWithCaller(Constructor.java:499)\r\n\tat java.base/java.lang.reflect.Constructor.newInstance(Constructor.java:480)\r\n\tat org.openqa.selenium.remote.codec.w3c.W3CHttpResponseCodec.createException(W3CHttpResponseCodec.java:200)\r\n\tat org.openqa.selenium.remote.codec.w3c.W3CHttpResponseCodec.decode(W3CHttpResponseCodec.java:133)\r\n\tat org.openqa.selenium.remote.codec.w3c.W3CHttpResponseCodec.decode(W3CHttpResponseCodec.java:53)\r\n\tat org.openqa.selenium.remote.HttpCommandExecutor.execute(HttpCommandExecutor.java:193)\r\n\tat org.openqa.selenium.remote.service.DriverCommandExecutor.invokeExecute(DriverCommandExecutor.java:183)\r\n\tat org.openqa.selenium.remote.service.DriverCommandExecutor.execute(DriverCommandExecutor.java:158)\r\n\tat org.openqa.selenium.remote.RemoteWebDriver.execute(RemoteWebDriver.java:543)\r\n\tat org.openqa.selenium.remote.ElementLocation$ElementFinder$2.findElement(ElementLocation.java:162)\r\n\tat org.openqa.selenium.remote.ElementLocation.findElement(ElementLocation.java:60)\r\n\tat org.openqa.selenium.remote.RemoteWebDriver.findElement(RemoteWebDriver.java:352)\r\n\tat org.openqa.selenium.remote.RemoteWebDriver.findElement(RemoteWebDriver.java:344)\r\n\tat com.codeborne.selenide.impl.WebElementSelector.findElement(WebElementSelector.java:70)\r\n\tat com.codeborne.selenide.impl.WebElementSelector.findElement(WebElementSelector.java:44)\r\n\tat com.codeborne.selenide.impl.WebElementSelector.findElement(WebElementSelector.java:33)\r\n\tat com.codeborne.selenide.impl.ElementFinder.getWebElement(ElementFinder.java:122)\r\n\tat com.codeborne.selenide.impl.WebElementSource.checkConditionAndReturnElement(WebElementSource.java:113)\r\n\t... 78 more\r\n"},"stage":"finished","description":"","steps":[{"name":"$(\"open\") https://casinodays.com/en/","status":"passed","stage":"finished","steps":[{"name":"$(\"webdriver\") create()","status":"passed","stage":"finished","steps":[],"attachments":[],"parameters":[],"start":1689613707872,"stop":1689613710766}],"attachments":[],"parameters":[],"start":1689613707865,"stop":1689613719353},{"name":"$(\".signUpButton\") click()","status":"passed","stage":"finished","steps":[],"attachments":[],"parameters":[],"start":1689613719363,"stop":1689613719564},{"name":"$(\"By.xpath: //div[contains(@class, 'register-modal')]\") should be(visible)","status":"passed","stage":"finished","steps":[],"attachments":[],"parameters":[],"start":1689613719567,"stop":1689613719910},{"name":"$(\"By.xpath: //div[contains(@class, 'register-modal')]//input[@type='text' or @type='email' or @type='password' or @type='tel'].snapshot(4 elements)[0]\") get attribute(type)","status":"passed","stage":"finished","steps":[],"attachments":[],"parameters":[],"start":1689613719949,"stop":1689613719964},{"name":"$(\"By.xpath: //div[contains(@class, 'register-modal')]//input[@type='text' or @type='email' or @type='password' or @type='tel'].snapshot(4 elements)[0]\") set value(Test)","status":"passed","stage":"finished","steps":[],"attachments":[],"parameters":[],"start":1689613719964,"stop":1689613720116},{"name":"$(\"By.xpath: //div[contains(@class, 'register-modal')]//input[@type='text' or @type='email' or @type='password' or @type='tel'].snapshot(4 elements)[1]\") get attribute(type)","status":"passed","stage":"finished","steps":[],"attachments":[],"parameters":[],"start":1689613720117,"stop":1689613720128},{"name":"$(\"By.xpath: //div[contains(@class, 'register-modal')]//input[@type='text' or @type='email' or @type='password' or @type='tel'].snapshot(4 elements)[1]\") set value(Test)","status":"passed","stage":"finished","steps":[],"attachments":[],"parameters":[],"start":1689613720128,"stop":1689613720248},{"name":"$(\"By.xpath: //div[contains(@class, 'register-modal')]//input[@type='text' or @type='email' or @type='password' or @type='tel'].snapshot(4 elements)[2]\") get attribute(type)","status":"passed","stage":"finished","steps":[],"attachments":[],"parameters":[],"start":1689613720248,"stop":1689613720263},{"name":"$(\"By.xpath: //div[contains(@class, 'register-modal')]//input[@type='text' or @type='email' or @type='password' or @type='tel'].snapshot(4 elements)[2]\") set value(test@test1788544328.com)","status":"passed","stage":"finished","steps":[],"attachments":[],"parameters":[],"start":1689613720264,"stop":1689613720449},{"name":"$(\"By.xpath: //div[contains(@class, 'register-modal')]//input[@type='text' or @type='email' or @type='password' or @type='tel'].snapshot(4 elements)[3]\") get attribute(type)","status":"passed","stage":"finished","steps":[],"attachments":[],"parameters":[],"start":1689613720449,"stop":1689613720471},{"name":"$(\"By.xpath: //div[contains(@class, 'register-modal')]//input[@type='text' or @type='email' or @type='password' or @type='tel'].snapshot(4 elements)[3]\") set value(Test@1234)","status":"passed","stage":"finished","steps":[],"attachments":[],"parameters":[],"start":1689613720471,"stop":1689613720611},{"name":"$(\"By.xpath: //div[contains(@class, 'register-modal')]//div[@id='mui-component-select-country']\") click()","status":"passed","stage":"finished","steps":[],"attachments":[],"parameters":[],"start":1689613720611,"stop":1689613720718},{"name":"$(\"By.xpath: //ul[@role='listbox']//li[@data-value='AQ' or @data-value='7' or @data-value='1994' or @data-value='M']\") click()","status":"passed","stage":"finished","steps":[],"attachments":[],"parameters":[],"start":1689613720718,"stop":1689613720798},{"name":"$(\"By.xpath: //div[contains(@class, 'register-modal')]//button[contains(@class, 'submit-btn')]\") click()","status":"passed","stage":"finished","steps":[],"attachments":[],"parameters":[],"start":1689613720798,"stop":1689613721260},{"name":"$(\"By.xpath: //div[contains(@class, 'register-modal')]//div[@id='mui-component-select-bDay']\") click()","status":"passed","stage":"finished","steps":[],"attachments":[],"parameters":[],"start":1689613721260,"stop":1689613721759},{"name":"$(\"By.xpath: //ul[@role='listbox']//li[@data-value='AQ' or @data-value='7' or @data-value='1994' or @data-value='M']\") click()","status":"passed","stage":"finished","steps":[],"attachments":[],"parameters":[],"start":1689613721759,"stop":1689613721824},{"name":"$(\"By.xpath: //div[contains(@class, 'register-modal')]//div[@id='mui-component-select-bMonth']\") click()","status":"passed","stage":"finished","steps":[],"attachments":[],"parameters":[],"start":1689613721824,"stop":1689613722265},{"name":"$(\"By.xpath: //ul[@role='listbox']//li[@data-value='AQ' or @data-value='7' or @data-value='1994' or @data-value='M']\") click()","status":"passed","stage":"finished","steps":[],"attachments":[],"parameters":[],"start":1689613722265,"stop":1689613722332},{"name":"$(\"By.xpath: //div[contains(@class, 'register-modal')]//div[@id='mui-component-select-bYear']\") click()","status":"passed","stage":"finished","steps":[],"attachments":[],"parameters":[],"start":1689613722332,"stop":1689613722742},{"name":"$(\"By.xpath: //ul[@role='listbox']//li[@data-value='AQ' or @data-value='7' or @data-value='1994' or @data-value='M']\") click()","status":"passed","stage":"finished","steps":[],"attachments":[],"parameters":[],"start":1689613722742,"stop":1689613722813},{"name":"$(\"By.xpath: //div[contains(@class, 'register-modal')]//div[@id='mui-component-select-gender']\") click()","status":"passed","stage":"finished","steps":[],"attachments":[],"parameters":[],"start":1689613722814,"stop":1689613723261},{"name":"$(\"By.xpath: //ul[@role='listbox']//li[@data-value='AQ' or @data-value='7' or @data-value='1994' or @data-value='M']\") click()","status":"passed","stage":"finished","steps":[],"attachments":[],"parameters":[],"start":1689613723261,"stop":1689613723316},{"name":"$(\"By.xpath: //div[contains(@class, 'register-modal')]//input[@type='text' or @type='email' or @type='password' or @type='tel'].snapshot(4 elements)[0]\") get attribute(type)","status":"passed","stage":"finished","steps":[],"attachments":[],"parameters":[],"start":1689613723325,"stop":1689613723334},{"name":"$(\"By.xpath: //div[contains(@class, 'register-modal')]//input[@type='text' or @type='email' or @type='password' or @type='tel'].snapshot(4 elements)[0]\") set value(Test)","status":"passed","stage":"finished","steps":[],"attachments":[],"parameters":[],"start":1689613723334,"stop":1689613723448},{"name":"$(\"By.xpath: //div[contains(@class, 'register-modal')]//input[@type='text' or @type='email' or @type='password' or @type='tel'].snapshot(4 elements)[1]\") get attribute(type)","status":"passed","stage":"finished","steps":[],"attachments":[],"parameters":[],"start":1689613723448,"stop":1689613723462},{"name":"$(\"By.xpath: //div[contains(@class, 'register-modal')]//input[@type='text' or @type='email' or @type='password' or @type='tel'].snapshot(4 elements)[1]\") set value(Test)","status":"passed","stage":"finished","steps":[],"attachments":[],"parameters":[],"start":1689613723463,"stop":1689613723574},{"name":"$(\"By.xpath: //div[contains(@class, 'register-modal')]//input[@type='text' or @type='email' or @type='password' or @type='tel'].snapshot(4 elements)[2]\") get attribute(type)","status":"passed","stage":"finished","steps":[],"attachments":[],"parameters":[],"start":1689613723574,"stop":1689613723584},{"name":"$(\"By.xpath: //div[contains(@class, 'register-modal')]//input[@type='text' or @type='email' or @type='password' or @type='tel'].snapshot(4 elements)[2]\") set value(Test)","status":"passed","stage":"finished","steps":[],"attachments":[],"parameters":[],"start":1689613723584,"stop":1689613723695},{"name":"$(\"By.xpath: //div[contains(@class, 'register-modal')]//input[@type='text' or @type='email' or @type='password' or @type='tel'].snapshot(4 elements)[3]\") get attribute(type)","status":"passed","stage":"finished","steps":[],"attachments":[],"parameters":[],"start":1689613723695,"stop":1689613723706},{"name":"$(\"By.xpath: //div[contains(@class, 'register-modal')]//input[@type='text' or @type='email' or @type='password' or @type='tel'].snapshot(4 elements)[3]\") set value(98011856)","status":"passed","stage":"finished","steps":[],"attachments":[],"parameters":[],"start":1689613723707,"stop":1689613723823},{"name":"$(\"By.xpath: //div[contains(@class, 'register-modal')]//button[contains(@class, 'submit-btn')]\") click()","status":"passed","stage":"finished","steps":[],"attachments":[],"parameters":[],"start":1689613723823,"stop":1689613723896},{"name":"$(\"By.xpath: //body//div[contains(@class, 'dashboardContainer')]\") should be(visible)","status":"failed","statusDetails":{"known":false,"muted":false,"flaky":false,"message":"Element not found {By.xpath: //body//div[contains(@class, 'dashboardContainer')]}\r\nExpected: visible\r\nScreenshot: file:/C:/Users/Darko%20Rashajkovski/IdeaProjects/rhino-interview/build/reports/tests/1689613728034.0.png\r\nPage source: file:/C:/Users/Darko%20Rashajkovski/IdeaProjects/rhino-interview/build/reports/tests/1689613728034.0.html\r\nTimeout: 4 s.\r\nCaused by: NoSuchElementException: no such element: Unable to locate element: {\"method\":\"xpath\",\"selector\":\"//body//div[contains(@class, 'dashboardContainer')]\"}","trace":"Element not found {By.xpath: //body//div[contains(@class, 'dashboardContainer')]}\r\nExpected: visible\r\nScreenshot: file:/C:/Users/Darko%20Rashajkovski/IdeaProjects/rhino-interview/build/reports/tests/1689613728034.0.png\r\nPage source: file:/C:/Users/Darko%20Rashajkovski/IdeaProjects/rhino-interview/build/reports/tests/1689613728034.0.html\r\nTimeout: 4 s.\r\nCaused by: NoSuchElementException: no such element: Unable to locate element: {\"method\":\"xpath\",\"selector\":\"//body//div[contains(@class, 'dashboardContainer')]\"}\r\n\tat com.codeborne.selenide.impl.WebElementSource.createElementNotFoundError(WebElementSource.java:88)\r\n\tat com.codeborne.selenide.impl.ElementFinder.createElementNotFoundError(ElementFinder.java:142)\r\n\tat com.codeborne.selenide.impl.WebElementSource.handleError(WebElementSource.java:140)\r\n\tat com.codeborne.selenide.impl.WebElementSource.checkConditionAndReturnElement(WebElementSource.java:124)\r\n\tat com.codeborne.selenide.impl.WebElementSource.checkCondition(WebElementSource.java:101)\r\n\tat com.codeborne.selenide.commands.Should.execute(Should.java:30)\r\n\tat com.codeborne.selenide.commands.Should.execute(Should.java:14)\r\n\tat com.codeborne.selenide.commands.Commands.execute(Commands.java:160)\r\n\tat com.codeborne.selenide.impl.SelenideElementProxy.dispatchAndRetry(SelenideElementProxy.java:132)\r\n\tat com.codeborne.selenide.impl.SelenideElementProxy.invoke(SelenideElementProxy.java:84)\r\n\tat jdk.proxy2/jdk.proxy2.$Proxy10.shouldBe(Unknown Source)\r\n\tat com.rhinoint.rhinointerview.MainPageTest.shouldRegisterWithValidCredentials(MainPageTest.java:87)\r\n\tat java.base/jdk.internal.reflect.NativeMethodAccessorImpl.invoke0(Native Method)\r\n\tat java.base/jdk.internal.reflect.NativeMethodAccessorImpl.invoke(NativeMethodAccessorImpl.java:77)\r\n\tat java.base/jdk.internal.reflect.DelegatingMethodAccessorImpl.invoke(DelegatingMethodAccessorImpl.java:43)\r\n\tat java.base/java.lang.reflect.Method.invoke(Method.java:568)\r\n\tat org.junit.platform.commons.util.ReflectionUtils.invokeMethod(ReflectionUtils.java:727)\r\n\tat org.junit.jupiter.engine.execution.MethodInvocation.proceed(MethodInvocation.java:60)\r\n\tat org.junit.jupiter.engine.execution.InvocationInterceptorChain$ValidatingInvocation.proceed(InvocationInterceptorChain.java:131)\r\n\tat org.junit.jupiter.engine.extension.TimeoutExtension.intercept(TimeoutExtension.java:156)\r\n\tat org.junit.jupiter.engine.extension.TimeoutExtension.interceptTestableMethod(TimeoutExtension.java:147)\r\n\tat org.junit.jupiter.engine.extension.TimeoutExtension.interceptTestMethod(TimeoutExtension.java:86)\r\n\tat org.junit.jupiter.engine.execution.InterceptingExecutableInvoker$ReflectiveInterceptorCall.lambda$ofVoidMethod$0(InterceptingExecutableInvoker.java:103)\r\n\tat org.junit.jupiter.engine.execution.InterceptingExecutableInvoker.lambda$invoke$0(InterceptingExecutableInvoker.java:93)\r\n\tat org.junit.jupiter.engine.execution.InvocationInterceptorChain$InterceptedInvocation.proceed(InvocationInterceptorChain.java:106)\r\n\tat org.junit.jupiter.engine.execution.InvocationInterceptorChain.proceed(InvocationInterceptorChain.java:64)\r\n\tat org.junit.jupiter.engine.execution.InvocationInterceptorChain.chainAndInvoke(InvocationInterceptorChain.java:45)\r\n\tat org.junit.jupiter.engine.execution.InvocationInterceptorChain.invoke(InvocationInterceptorChain.java:37)\r\n\tat org.junit.jupiter.engine.execution.InterceptingExecutableInvoker.invoke(InterceptingExecutableInvoker.java:92)\r\n\tat org.junit.jupiter.engine.execution.InterceptingExecutableInvoker.invoke(InterceptingExecutableInvoker.java:86)\r\n\tat org.junit.jupiter.engine.descriptor.TestMethodTestDescriptor.lambda$invokeTestMethod$7(TestMethodTestDescriptor.java:217)\r\n\tat org.junit.platform.engine.support.hierarchical.ThrowableCollector.execute(ThrowableCollector.java:73)\r\n\tat org.junit.jupiter.engine.descriptor.TestMethodTestDescriptor.invokeTestMethod(TestMethodTestDescriptor.java:213)\r\n\tat org.junit.jupiter.engine.descriptor.TestMethodTestDescriptor.execute(TestMethodTestDescriptor.java:138)\r\n\tat org.junit.jupiter.engine.descriptor.TestMethodTestDescriptor.execute(TestMethodTestDescriptor.java:68)\r\n\tat org.junit.platform.engine.support.hierarchical.NodeTestTask.lambda$executeRecursively$6(NodeTestTask.java:151)\r\n\tat org.junit.platform.engine.support.hierarchical.ThrowableCollector.execute(ThrowableCollector.java:73)\r\n\tat org.junit.platform.engine.support.hierarchical.NodeTestTask.lambda$executeRecursively$8(NodeTestTask.java:141)\r\n\tat org.junit.platform.engine.support.hierarchical.Node.around(Node.java:137)\r\n\tat org.junit.platform.engine.support.hierarchical.NodeTestTask.lambda$executeRecursively$9(NodeTestTask.java:139)\r\n\tat org.junit.platform.engine.support.hierarchical.ThrowableCollector.execute(ThrowableCollector.java:73)\r\n\tat org.junit.platform.engine.support.hierarchical.NodeTestTask.executeRecursively(NodeTestTask.java:138)\r\n\tat org.junit.platform.engine.support.hierarchical.NodeTestTask.execute(NodeTestTask.java:95)\r\n\tat java.base/java.util.ArrayList.forEach(ArrayList.java:1511)\r\n\tat org.junit.platform.engine.support.hierarchical.SameThreadHierarchicalTestExecutorService.invokeAll(SameThreadHierarchicalTestExecutorService.java:41)\r\n\tat org.junit.platform.engine.support.hierarchical.NodeTestTask.lambda$executeRecursively$6(NodeTestTask.java:155)\r\n\tat org.junit.platform.engine.support.hierarchical.ThrowableCollector.execute(ThrowableCollector.java:73)\r\n\tat org.junit.platform.engine.support.hierarchical.NodeTestTask.lambda$executeRecursively$8(NodeTestTask.java:141)\r\n\tat org.junit.platform.engine.support.hierarchical.Node.around(Node.java:137)\r\n\tat org.junit.platform.engine.support.hierarchical.NodeTestTask.lambda$executeRecursively$9(NodeTestTask.java:139)\r\n\tat org.junit.platform.engine.support.hierarchical.ThrowableCollector.execute(ThrowableCollector.java:73)\r\n\tat org.junit.platform.engine.support.hierarchical.NodeTestTask.executeRecursively(NodeTestTask.java:138)\r\n\tat org.junit.platform.engine.support.hierarchical.NodeTestTask.execute(NodeTestTask.java:95)\r\n\tat java.base/java.util.ArrayList.forEach(ArrayList.java:1511)\r\n\tat org.junit.platform.engine.support.hierarchical.SameThreadHierarchicalTestExecutorService.invokeAll(SameThreadHierarchicalTestExecutorService.java:41)\r\n\tat org.junit.platform.engine.support.hierarchical.NodeTestTask.lambda$executeRecursively$6(NodeTestTask.java:155)\r\n\tat org.junit.platform.engine.support.hierarchical.ThrowableCollector.execute(ThrowableCollector.java:73)\r\n\tat org.junit.platform.engine.support.hierarchical.NodeTestTask.lambda$executeRecursively$8(NodeTestTask.java:141)\r\n\tat org.junit.platform.engine.support.hierarchical.Node.around(Node.java:137)\r\n\tat org.junit.platform.engine.support.hierarchical.NodeTestTask.lambda$executeRecursively$9(NodeTestTask.java:139)\r\n\tat org.junit.platform.engine.support.hierarchical.ThrowableCollector.execute(ThrowableCollector.java:73)\r\n\tat org.junit.platform.engine.support.hierarchical.NodeTestTask.executeRecursively(NodeTestTask.java:138)\r\n\tat org.junit.platform.engine.support.hierarchical.NodeTestTask.execute(NodeTestTask.java:95)\r\n\tat org.junit.platform.engine.support.hierarchical.SameThreadHierarchicalTestExecutorService.submit(SameThreadHierarchicalTestExecutorService.java:35)\r\n\tat org.junit.platform.engine.support.hierarchical.HierarchicalTestExecutor.execute(HierarchicalTestExecutor.java:57)\r\n\tat org.junit.platform.engine.support.hierarchical.HierarchicalTestEngine.execute(HierarchicalTestEngine.java:54)\r\n\tat org.junit.platform.launcher.core.EngineExecutionOrchestrator.execute(EngineExecutionOrchestrator.java:147)\r\n\tat org.junit.platform.launcher.core.EngineExecutionOrchestrator.execute(EngineExecutionOrchestrator.java:127)\r\n\tat org.junit.platform.launcher.core.EngineExecutionOrchestrator.execute(EngineExecutionOrchestrator.java:90)\r\n\tat org.junit.platform.launcher.core.EngineExecutionOrchestrator.lambda$execute$0(EngineExecutionOrchestrator.java:55)\r\n\tat org.junit.platform.launcher.core.EngineExecutionOrchestrator.withInterceptedStreams(EngineExecutionOrchestrator.java:102)\r\n\tat org.junit.platform.launcher.core.EngineExecutionOrchestrator.execute(EngineExecutionOrchestrator.java:54)\r\n\tat org.junit.platform.launcher.core.DefaultLauncher.execute(DefaultLauncher.java:114)\r\n\tat org.junit.platform.launcher.core.DefaultLauncher.execute(DefaultLauncher.java:86)\r\n\tat org.junit.platform.launcher.core.DefaultLauncherSession$DelegatingLauncher.execute(DefaultLauncherSession.java:86)\r\n\tat org.junit.platform.launcher.core.SessionPerRequestLauncher.execute(SessionPerRequestLauncher.java:53)\r\n\tat com.intellij.junit5.JUnit5IdeaTestRunner.startRunnerWithArgs(JUnit5IdeaTestRunner.java:57)\r\n\tat com.intellij.rt.junit.IdeaTestRunner$Repeater$1.execute(IdeaTestRunner.java:38)\r\n\tat com.intellij.rt.execution.junit.TestsRepeater.repeat(TestsRepeater.java:11)\r\n\tat com.intellij.rt.junit.IdeaTestRunner$Repeater.startRunnerWithArgs(IdeaTestRunner.java:35)\r\n\tat com.intellij.rt.junit.JUnitStarter.prepareStreamsAndStart(JUnitStarter.java:232)\r\n\tat com.intellij.rt.junit.JUnitStarter.main(JUnitStarter.java:55)\r\nCaused by: org.openqa.selenium.NoSuchElementException: no such element: Unable to locate element: {\"method\":\"xpath\",\"selector\":\"//body//div[contains(@class, 'dashboardContainer')]\"}\n  (Session info: chrome=114.0.5735.199)\nFor documentation on this error, please visit: https://selenium.dev/exceptions/#no_such_element\nBuild info: version: '4.9.0', revision: 'd7057100a6'\nSystem info: os.name: 'Windows 11', os.arch: 'amd64', os.version: '10.0', java.version: '17.0.7'\nDriver info: org.openqa.selenium.chrome.ChromeDriver\nCommand: [42b391a04cc1537e7eb50422fa097fc9, findElement {using=xpath, value=//body//div[contains(@class, 'dashboardContainer')]}]\nCapabilities {acceptInsecureCerts: true, browserName: chrome, browserVersion: 114.0.5735.199, chrome: {chromedriverVersion: 114.0.5735.90 (386bc09e8f4f..., userDataDir: C:\\Users\\DARKOR~1\\AppData\\L...}, goog:chromeOptions: {debuggerAddress: localhost:53905}, networkConnectionEnabled: false, pageLoadStrategy: normal, platformName: WINDOWS, proxy: Proxy(), se:cdp: ws://localhost:53905/devtoo..., se:cdpVersion: 114.0.5735.199, setWindowRect: true, strictFileInteractability: false, timeouts: {implicit: 0, pageLoad: 300000, script: 30000}, unhandledPromptBehavior: accept, webauthn:extension:credBlob: true, webauthn:extension:largeBlob: true, webauthn:extension:minPinLength: true, webauthn:extension:prf: true, webauthn:virtualAuthenticators: true}\nSession ID: 42b391a04cc1537e7eb50422fa097fc9\r\n\tat jdk.internal.reflect.GeneratedConstructorAccessor13.newInstance(Unknown Source)\r\n\tat java.base/jdk.internal.reflect.DelegatingConstructorAccessorImpl.newInstance(DelegatingConstructorAccessorImpl.java:45)\r\n\tat java.base/java.lang.reflect.Constructor.newInstanceWithCaller(Constructor.java:499)\r\n\tat java.base/java.lang.reflect.Constructor.newInstance(Constructor.java:480)\r\n\tat org.openqa.selenium.remote.codec.w3c.W3CHttpResponseCodec.createException(W3CHttpResponseCodec.java:200)\r\n\tat org.openqa.selenium.remote.codec.w3c.W3CHttpResponseCodec.decode(W3CHttpResponseCodec.java:133)\r\n\tat org.openqa.selenium.remote.codec.w3c.W3CHttpResponseCodec.decode(W3CHttpResponseCodec.java:53)\r\n\tat org.openqa.selenium.remote.HttpCommandExecutor.execute(HttpCommandExecutor.java:193)\r\n\tat org.openqa.selenium.remote.service.DriverCommandExecutor.invokeExecute(DriverCommandExecutor.java:183)\r\n\tat org.openqa.selenium.remote.service.DriverCommandExecutor.execute(DriverCommandExecutor.java:158)\r\n\tat org.openqa.selenium.remote.RemoteWebDriver.execute(RemoteWebDriver.java:543)\r\n\tat org.openqa.selenium.remote.ElementLocation$ElementFinder$2.findElement(ElementLocation.java:162)\r\n\tat org.openqa.selenium.remote.ElementLocation.findElement(ElementLocation.java:60)\r\n\tat org.openqa.selenium.remote.RemoteWebDriver.findElement(RemoteWebDriver.java:352)\r\n\tat org.openqa.selenium.remote.RemoteWebDriver.findElement(RemoteWebDriver.java:344)\r\n\tat com.codeborne.selenide.impl.WebElementSelector.findElement(WebElementSelector.java:70)\r\n\tat com.codeborne.selenide.impl.WebElementSelector.findElement(WebElementSelector.java:44)\r\n\tat com.codeborne.selenide.impl.WebElementSelector.findElement(WebElementSelector.java:33)\r\n\tat com.codeborne.selenide.impl.ElementFinder.getWebElement(ElementFinder.java:122)\r\n\tat com.codeborne.selenide.impl.WebElementSource.checkConditionAndReturnElement(WebElementSource.java:113)\r\n\t... 78 more\r\n"},"stage":"finished","steps":[],"attachments":[{"name":"Screenshot","source":"4cd1fd1b-589a-4946-a027-5c8fae770ff8-attachment.png","type":"image/png"},{"name":"Page source","source":"a97d1de7-a0b3-439e-a45d-42f56372c6b9-attachment.html","type":"text/html"}],"parameters":[],"start":1689613723896,"stop":1689613728552}],"attachments":[],"parameters":[],"start":1689613707848,"stop":1689613728564}